android/app/build/intermediates/manifest_merge_blame_file/debug/manifest-merger-blame-debug-report.txt
1<?xml version="1.0" encoding="utf-8"?>
2<manifest xmlns:android="http://schemas.android.com/apk/res/android"
3    package="com.rn_phylloconnect"
4    android:versionCode="1"
5    android:versionName="1.0" >
6
7    <uses-sdk
8        android:minSdkVersion="21"
9        android:targetSdkVersion="30" />
10
11    <uses-permission android:name="android.permission.SYSTEM_ALERT_WINDOW" />
11-->src/debug/AndroidManifest.xml:5:5-77
11-->src/debug/AndroidManifest.xml:5:22-75
12    <uses-permission android:name="android.permission.INTERNET" />
12-->src/main/AndroidManifest.xml:4:5-67
12-->src/main/AndroidManifest.xml:4:22-64
13    <uses-permission android:name="android.permission.ACCESS_WIFI_STATE" />
13-->[com.facebook.flipper:flipper:0.99.0] AndroidManifest.xml:16:5-76
13-->[com.facebook.flipper:flipper:0.99.0] AndroidManifest.xml:16:22-73
14    <uses-permission android:name="android.permission.ACCESS_NETWORK_STATE" />
14-->[com.getphyllo:phyllo-connect:0.1.13] AndroidManifest.xml:11:5-79
14-->[com.getphyllo:phyllo-connect:0.1.13] AndroidManifest.xml:11:22-76
15
16    <application
16-->src/main/AndroidManifest.xml:6:5-24:19
17        android:name="com.rn_phylloconnect.MainApplication"
17-->src/main/AndroidManifest.xml:7:7-38
18        android:allowBackup="true"
18-->src/main/AndroidManifest.xml:11:7-33
19        android:appComponentFactory="androidx.core.app.CoreComponentFactory"
19-->[androidx.core:core:1.5.0] AndroidManifest.xml:24:18-86
20        android:debuggable="true"
21        android:icon="@mipmap/ic_launcher"
21-->src/main/AndroidManifest.xml:9:7-41
22        android:label="@string/app_name"
22-->src/main/AndroidManifest.xml:8:7-39
23        android:roundIcon="@mipmap/ic_launcher_round"
23-->src/main/AndroidManifest.xml:10:7-52
24        android:supportsRtl="true"
24-->[com.getphyllo:phyllo-connect:0.1.13] AndroidManifest.xml:16:9-35
25        android:theme="@style/AppTheme"
25-->src/main/AndroidManifest.xml:12:7-38
26        android:usesCleartextTraffic="true" >
26-->src/debug/AndroidManifest.xml:8:9-44
27        <activity android:name="com.facebook.react.devsupport.DevSettingsActivity" />
27-->src/debug/AndroidManifest.xml:11:9-86
27-->src/debug/AndroidManifest.xml:11:19-83
28        <activity
28-->src/main/AndroidManifest.xml:13:7-23:18
29            android:name="com.rn_phylloconnect.MainActivity"
29-->src/main/AndroidManifest.xml:14:9-37
30            android:configChanges="keyboard|keyboardHidden|orientation|screenSize|uiMode"
30-->src/main/AndroidManifest.xml:16:9-86
31            android:label="@string/app_name"
31-->src/main/AndroidManifest.xml:15:9-41
32            android:launchMode="singleTask"
32-->src/main/AndroidManifest.xml:17:9-40
33            android:windowSoftInputMode="adjustResize" >
33-->src/main/AndroidManifest.xml:18:9-51
34            <intent-filter>
34-->src/main/AndroidManifest.xml:19:9-22:25
35                <action android:name="android.intent.action.MAIN" />
35-->src/main/AndroidManifest.xml:20:13-65
35-->src/main/AndroidManifest.xml:20:21-62
36
37                <category android:name="android.intent.category.LAUNCHER" />
37-->src/main/AndroidManifest.xml:21:13-73
37-->src/main/AndroidManifest.xml:21:23-70
38            </intent-filter>
39        </activity>
40        <activity
40-->[com.getphyllo:phyllo-connect:0.1.13] AndroidManifest.xml:17:9-23:20
41            android:name="com.getphyllo.activities.ConnectMainActivity"
41-->[com.getphyllo:phyllo-connect:0.1.13] AndroidManifest.xml:18:13-72
42            android:exported="true"
42-->[com.getphyllo:phyllo-connect:0.1.13] AndroidManifest.xml:19:13-36
43            android:launchMode="singleTop"
43-->[com.getphyllo:phyllo-connect:0.1.13] AndroidManifest.xml:20:13-43
44            android:screenOrientation="portrait"
44-->[com.getphyllo:phyllo-connect:0.1.13] AndroidManifest.xml:21:13-49
45            android:theme="@style/sdkActionBarTheme" >
45-->[com.getphyllo:phyllo-connect:0.1.13] AndroidManifest.xml:22:13-53
46        </activity>
47        <activity
47-->[com.getphyllo:phyllo-connect:0.1.13] AndroidManifest.xml:24:9-28:20
48            android:name="com.getphyllo.activities.FragmentContainerActivity"
48-->[com.getphyllo:phyllo-connect:0.1.13] AndroidManifest.xml:25:13-78
49            android:screenOrientation="portrait"
49-->[com.getphyllo:phyllo-connect:0.1.13] AndroidManifest.xml:26:13-49
50            android:theme="@style/sdkActionBarTheme" >
50-->[com.getphyllo:phyllo-connect:0.1.13] AndroidManifest.xml:27:13-53
51        </activity>
52        <activity
52-->[com.getphyllo:phyllo-connect:0.1.13] AndroidManifest.xml:29:9-44:20
53            android:name="com.getphyllo.activities.ChromeTabActivity"
53-->[com.getphyllo:phyllo-connect:0.1.13] AndroidManifest.xml:30:13-70
54            android:exported="true"
54-->[com.getphyllo:phyllo-connect:0.1.13] AndroidManifest.xml:31:13-36
55            android:launchMode="singleTop"
55-->[com.getphyllo:phyllo-connect:0.1.13] AndroidManifest.xml:32:13-43
56            android:screenOrientation="portrait"
56-->[com.getphyllo:phyllo-connect:0.1.13] AndroidManifest.xml:33:13-49
57            android:theme="@style/sdkActionBarTheme" >
57-->[com.getphyllo:phyllo-connect:0.1.13] AndroidManifest.xml:34:13-53
58            <intent-filter>
58-->[com.getphyllo:phyllo-connect:0.1.13] AndroidManifest.xml:35:13-43:29
59                <action android:name="android.intent.action.VIEW" />
59-->[com.getphyllo:phyllo-connect:0.1.13] AndroidManifest.xml:36:17-69
59-->[com.getphyllo:phyllo-connect:0.1.13] AndroidManifest.xml:36:25-66
60
61                <category android:name="android.intent.category.DEFAULT" />
61-->[com.getphyllo:phyllo-connect:0.1.13] AndroidManifest.xml:38:17-76
61-->[com.getphyllo:phyllo-connect:0.1.13] AndroidManifest.xml:38:27-73
62                <category android:name="android.intent.category.BROWSABLE" />
62-->[com.getphyllo:phyllo-connect:0.1.13] AndroidManifest.xml:39:17-78
62-->[com.getphyllo:phyllo-connect:0.1.13] AndroidManifest.xml:39:27-75
63
64                <data android:scheme="@string/deeplink_scheme" />
64-->[com.getphyllo:phyllo-connect:0.1.13] AndroidManifest.xml:41:17-66
64-->[com.getphyllo:phyllo-connect:0.1.13] AndroidManifest.xml:41:23-63
65                <data android:host="@string/deeplink_host" />
65-->[com.getphyllo:phyllo-connect:0.1.13] AndroidManifest.xml:41:17-66
66            </intent-filter>
67        </activity>
68
69        <provider
69-->[androidx.lifecycle:lifecycle-process:2.2.0] AndroidManifest.xml:25:9-29:43
70            android:name="androidx.lifecycle.ProcessLifecycleOwnerInitializer"
70-->[androidx.lifecycle:lifecycle-process:2.2.0] AndroidManifest.xml:26:13-79
71            android:authorities="com.rn_phylloconnect.lifecycle-process"
71-->[androidx.lifecycle:lifecycle-process:2.2.0] AndroidManifest.xml:27:13-69
72            android:exported="false"
72-->[androidx.lifecycle:lifecycle-process:2.2.0] AndroidManifest.xml:28:13-37
73            android:multiprocess="true" />
73-->[androidx.lifecycle:lifecycle-process:2.2.0] AndroidManifest.xml:29:13-40
74    </application>
75
76</manifest>